[2025-07-11T16:51:20.130Z] 304 GET /api/health 1.134 ms
[2025-07-11T16:51:35.432Z] 404 GET /api/does-not-exist 0.907 ms
[2025-07-11T16:51:55.649Z] 404 GET /api/does-not-exist 6.782 ms
[2025-07-11T17:25:35.755Z] 200 POST /api/auth/login 141.667 ms
[2025-07-11T17:25:35.821Z] 200 POST /api/auth/login 57.937 ms
[2025-07-11T17:25:35.828Z] 200 POST /api/auth/refresh 3.007 ms
[2025-07-11T17:38:14.801Z] 200 POST /api/auth/login 123.945 ms
[2025-07-11T17:38:15.356Z] 200 POST /api/auth/login 111.257 ms
[2025-07-11T17:38:15.416Z] 200 POST /api/auth/login 54.128 ms
[2025-07-11T17:38:15.424Z] 200 POST /api/auth/refresh 3.301 ms
[2025-07-11T17:39:47.764Z] 200 POST /api/device/handshake 16.830 ms
[2025-07-11T17:39:48.053Z] 200 POST /api/auth/login 113.744 ms
[2025-07-11T17:39:48.114Z] 200 POST /api/auth/login 55.657 ms
[2025-07-11T17:39:48.121Z] 200 POST /api/auth/refresh 2.957 ms
[2025-07-11T17:42:23.059Z] 200 POST /api/auth/login 117.352 ms
[2025-07-11T17:42:23.125Z] 200 POST /api/auth/login 55.249 ms
[2025-07-11T17:42:23.132Z] 200 POST /api/auth/refresh 2.859 ms
[2025-07-11T17:44:32.491Z] 200 POST /api/auth/login 60.435 ms
[2025-07-11T17:44:32.505Z] 500 POST /api/session/open 8.026 ms
[2025-07-11T17:44:33.060Z] 200 POST /api/auth/login 111.200 ms
[2025-07-11T17:44:33.122Z] 200 POST /api/auth/login 55.338 ms
[2025-07-11T17:44:33.129Z] 200 POST /api/auth/refresh 2.842 ms
[2025-07-11T17:47:42.115Z] 200 POST /api/device/handshake 15.750 ms
[2025-07-11T17:47:42.415Z] 200 POST /api/auth/login 115.179 ms
[2025-07-11T17:47:42.477Z] 200 POST /api/auth/login 56.174 ms
[2025-07-11T17:47:42.486Z] 200 POST /api/auth/refresh 2.894 ms
[2025-07-11T17:50:09.701Z] 200 POST /api/auth/login 153.232 ms
[2025-07-11T17:50:09.766Z] 200 POST /api/auth/login 57.376 ms
[2025-07-11T17:50:09.773Z] 200 POST /api/auth/refresh 2.749 ms
[2025-07-11T17:50:10.039Z] 200 POST /api/device/handshake 13.200 ms
[2025-07-11T17:51:19.762Z] 200 POST /api/auth/login 116.765 ms
[2025-07-11T17:51:19.837Z] 200 POST /api/auth/login 55.350 ms
[2025-07-11T17:51:19.844Z] 200 POST /api/auth/refresh 2.916 ms
[2025-07-11T17:51:20.251Z] 200 POST /api/device/handshake 12.533 ms
[2025-07-11T17:53:18.055Z] 200 POST /api/auth/login 113.770 ms
[2025-07-11T17:53:18.129Z] 200 POST /api/auth/login 63.650 ms
[2025-07-11T17:53:18.137Z] 200 POST /api/auth/refresh 2.937 ms
[2025-07-11T17:53:18.429Z] 200 POST /api/device/handshake 14.422 ms
[2025-07-11T17:54:25.847Z] 200 POST /api/auth/login 75.755 ms
[2025-07-11T17:54:25.864Z] 400 POST /api/session/open 7.277 ms
[2025-07-11T17:54:26.276Z] 200 POST /api/auth/login 156.645 ms
[2025-07-11T17:54:26.341Z] 200 POST /api/auth/login 57.242 ms
[2025-07-11T17:54:26.349Z] 200 POST /api/auth/refresh 3.201 ms
[2025-07-11T17:54:26.621Z] 200 POST /api/device/handshake 12.983 ms
[2025-07-11T17:54:40.422Z] 200 POST /api/auth/login 74.647 ms
[2025-07-11T17:54:40.435Z] 400 POST /api/session/open 5.067 ms
[2025-07-11T17:54:40.832Z] 200 POST /api/auth/login 150.484 ms
[2025-07-11T17:54:40.898Z] 200 POST /api/auth/login 58.079 ms
[2025-07-11T17:54:40.905Z] 200 POST /api/auth/refresh 2.801 ms
[2025-07-11T17:54:41.174Z] 200 POST /api/device/handshake 14.850 ms
[2025-07-11T17:58:17.827Z] 200 POST /api/auth/login 63.020 ms
[2025-07-11T17:58:17.846Z] 500 POST /api/session/open 11.838 ms
[2025-07-11T17:58:18.275Z] 200 POST /api/auth/login 186.598 ms
[2025-07-11T17:58:18.337Z] 200 POST /api/auth/login 55.399 ms
[2025-07-11T17:58:18.344Z] 200 POST /api/auth/refresh 2.963 ms
[2025-07-11T17:58:18.603Z] 200 POST /api/device/handshake 12.062 ms
